This is pdfTeX, Version 3.141592653-2.6-1.40.26 (TeX Live 2025/dev/Debian) (preloaded format=pdflatex 2024.9.10)  4 NOV 2024 14:41
entering extended mode
 restricted \write18 enabled.
 %&-line parsing enabled.
**./thesis.tex
(./thesis.tex
LaTeX2e <2024-06-01> patch level 2
L3 programming layer <2024-08-16>
(/usr/share/texlive/texmf-dist/tex/latex/base/book.cls
Document Class: book 2024/02/08 v1.4n Standard LaTeX document class
(/usr/share/texlive/texmf-dist/tex/latex/base/bk12.clo
File: bk12.clo 2024/02/08 v1.4n Standard LaTeX file (size option)
)
\c@part=\count194
\c@chapter=\count195
\c@section=\count196
\c@subsection=\count197
\c@subsubsection=\count198
\c@paragraph=\count199
\c@subparagraph=\count266
\c@figure=\count267
\c@table=\count268
\abovecaptionskip=\skip49
\belowcaptionskip=\skip50
\bibindent=\dimen141
)
(/usr/share/texlive/texmf-dist/tex/latex/graphics/graphicx.sty
Package: graphicx 2021/09/16 v1.2d Enhanced LaTeX Graphics (DPC,SPQR)

(/usr/share/texlive/texmf-dist/tex/latex/graphics/keyval.sty
Package: keyval 2022/05/29 v1.15 key=value parser (DPC)
\KV@toks@=\toks17
)
(/usr/share/texlive/texmf-dist/tex/latex/graphics/graphics.sty
Package: graphics 2024/05/23 v1.4g Standard LaTeX Graphics (DPC,SPQR)

(/usr/share/texlive/texmf-dist/tex/latex/graphics/trig.sty
Package: trig 2023/12/02 v1.11 sin cos tan (DPC)
)
(/usr/share/texlive/texmf-dist/tex/latex/graphics-cfg/graphics.cfg
File: graphics.cfg 2016/06/04 v1.11 sample graphics configuration
)
Package graphics Info: Driver file: pdftex.def on input line 106.

(/usr/share/texlive/texmf-dist/tex/latex/graphics-def/pdftex.def
File: pdftex.def 2024/04/13 v1.2c Graphics/color driver for pdftex
))
\Gin@req@height=\dimen142
\Gin@req@width=\dimen143
)
(/usr/share/texlive/texmf-dist/tex/latex/cite/cite.sty
LaTeX Info: Redefining \cite on input line 302.
LaTeX Info: Redefining \nocite on input line 332.
Package: cite 2015/02/27  v 5.5
)
(/usr/share/texlive/texmf-dist/tex/latex/listings/listings.sty
\lst@mode=\count269
\lst@gtempboxa=\box52
\lst@token=\toks18
\lst@length=\count270
\lst@currlwidth=\dimen144
\lst@column=\count271
\lst@pos=\count272
\lst@lostspace=\dimen145
\lst@width=\dimen146
\lst@newlines=\count273
\lst@lineno=\count274
\lst@maxwidth=\dimen147

(/usr/share/texlive/texmf-dist/tex/latex/listings/lstpatch.sty
File: lstpatch.sty 2024/05/25 1.10b (Carsten Heinz)
)
(/usr/share/texlive/texmf-dist/tex/latex/listings/lstmisc.sty
File: lstmisc.sty 2024/05/25 1.10b (Carsten Heinz)
\c@lstnumber=\count275
\lst@skipnumbers=\count276
\lst@framebox=\box53
)
(/usr/share/texlive/texmf-dist/tex/latex/listings/listings.cfg
File: listings.cfg 2024/05/25 1.10b listings configuration
))
Package: listings 2024/05/25 1.10b (Carsten Heinz)

(/usr/share/texlive/texmf-dist/tex/latex/pgfgantt/pgfgantt.sty
Package: pgfgantt 2024/06/19 v5.0a Draw Gantt diagrams with TikZ

(/usr/share/texlive/texmf-dist/tex/latex/pgf/frontendlayer/tikz.sty
(/usr/share/texlive/texmf-dist/tex/latex/pgf/basiclayer/pgf.sty
(/usr/share/texlive/texmf-dist/tex/latex/pgf/utilities/pgfrcs.sty
(/usr/share/texlive/texmf-dist/tex/generic/pgf/utilities/pgfutil-common.tex
\pgfutil@everybye=\toks19
\pgfutil@tempdima=\dimen148
\pgfutil@tempdimb=\dimen149
)
(/usr/share/texlive/texmf-dist/tex/generic/pgf/utilities/pgfutil-latex.def
\pgfutil@abb=\box54
)
(/usr/share/texlive/texmf-dist/tex/generic/pgf/utilities/pgfrcs.code.tex
(/usr/share/texlive/texmf-dist/tex/generic/pgf/pgf.revision.tex)
Package: pgfrcs 2023-01-15 v3.1.10 (3.1.10)
))
Package: pgf 2023-01-15 v3.1.10 (3.1.10)

(/usr/share/texlive/texmf-dist/tex/latex/pgf/basiclayer/pgfcore.sty
(/usr/share/texlive/texmf-dist/tex/latex/pgf/systemlayer/pgfsys.sty
(/usr/share/texlive/texmf-dist/tex/generic/pgf/systemlayer/pgfsys.code.tex
Package: pgfsys 2023-01-15 v3.1.10 (3.1.10)

(/usr/share/texlive/texmf-dist/tex/generic/pgf/utilities/pgfkeys.code.tex
\pgfkeys@pathtoks=\toks20
\pgfkeys@temptoks=\toks21

(/usr/share/texlive/texmf-dist/tex/generic/pgf/utilities/pgfkeyslibraryfiltered
.code.tex
\pgfkeys@tmptoks=\toks22
))
\pgf@x=\dimen150
\pgf@y=\dimen151
\pgf@xa=\dimen152
\pgf@ya=\dimen153
\pgf@xb=\dimen154
\pgf@yb=\dimen155
\pgf@xc=\dimen156
\pgf@yc=\dimen157
\pgf@xd=\dimen158
\pgf@yd=\dimen159
\w@pgf@writea=\write3
\r@pgf@reada=\read2
\c@pgf@counta=\count277
\c@pgf@countb=\count278
\c@pgf@countc=\count279
\c@pgf@countd=\count280
\t@pgf@toka=\toks23
\t@pgf@tokb=\toks24
\t@pgf@tokc=\toks25
\pgf@sys@id@count=\count281
 (/usr/share/texlive/texmf-dist/tex/generic/pgf/systemlayer/pgf.cfg
File: pgf.cfg 2023-01-15 v3.1.10 (3.1.10)
)
Driver file for pgf: pgfsys-pdftex.def
(/usr/share/texlive/texmf-dist/tex/generic/pgf/systemlayer/pgfsys-pdftex.def
File: pgfsys-pdftex.def 2023-01-15 v3.1.10 (3.1.10)

(/usr/share/texlive/texmf-dist/tex/generic/pgf/systemlayer/pgfsys-common-pdf.de
f
File: pgfsys-common-pdf.def 2023-01-15 v3.1.10 (3.1.10)
)))
(/usr/share/texlive/texmf-dist/tex/generic/pgf/systemlayer/pgfsyssoftpath.code.
tex
File: pgfsyssoftpath.code.tex 2023-01-15 v3.1.10 (3.1.10)
\pgfsyssoftpath@smallbuffer@items=\count282
\pgfsyssoftpath@bigbuffer@items=\count283
)
(/usr/share/texlive/texmf-dist/tex/generic/pgf/systemlayer/pgfsysprotocol.code.
tex
File: pgfsysprotocol.code.tex 2023-01-15 v3.1.10 (3.1.10)
)) (/usr/share/texlive/texmf-dist/tex/latex/xcolor/xcolor.sty
Package: xcolor 2023/11/15 v3.01 LaTeX color extensions (UK)

(/usr/share/texlive/texmf-dist/tex/latex/graphics-cfg/color.cfg
File: color.cfg 2016/01/02 v1.6 sample color configuration
)
Package xcolor Info: Driver file: pdftex.def on input line 274.

(/usr/share/texlive/texmf-dist/tex/latex/graphics/mathcolor.ltx)
Package xcolor Info: Model `cmy' substituted by `cmy0' on input line 1350.
Package xcolor Info: Model `hsb' substituted by `rgb' on input line 1354.
Package xcolor Info: Model `RGB' extended on input line 1366.
Package xcolor Info: Model `HTML' substituted by `rgb' on input line 1368.
Package xcolor Info: Model `Hsb' substituted by `hsb' on input line 1369.
Package xcolor Info: Model `tHsb' substituted by `hsb' on input line 1370.
Package xcolor Info: Model `HSB' substituted by `hsb' on input line 1371.
Package xcolor Info: Model `Gray' substituted by `gray' on input line 1372.
Package xcolor Info: Model `wave' substituted by `hsb' on input line 1373.
)
(/usr/share/texlive/texmf-dist/tex/generic/pgf/basiclayer/pgfcore.code.tex
Package: pgfcore 2023-01-15 v3.1.10 (3.1.10)

(/usr/share/texlive/texmf-dist/tex/generic/pgf/math/pgfmath.code.tex
(/usr/share/texlive/texmf-dist/tex/generic/pgf/math/pgfmathutil.code.tex)
(/usr/share/texlive/texmf-dist/tex/generic/pgf/math/pgfmathparser.code.tex
\pgfmath@dimen=\dimen160
\pgfmath@count=\count284
\pgfmath@box=\box55
\pgfmath@toks=\toks26
\pgfmath@stack@operand=\toks27
\pgfmath@stack@operation=\toks28
)
(/usr/share/texlive/texmf-dist/tex/generic/pgf/math/pgfmathfunctions.code.tex)
(/usr/share/texlive/texmf-dist/tex/generic/pgf/math/pgfmathfunctions.basic.code
.tex)
(/usr/share/texlive/texmf-dist/tex/generic/pgf/math/pgfmathfunctions.trigonomet
ric.code.tex)
(/usr/share/texlive/texmf-dist/tex/generic/pgf/math/pgfmathfunctions.random.cod
e.tex)
(/usr/share/texlive/texmf-dist/tex/generic/pgf/math/pgfmathfunctions.comparison
.code.tex)
(/usr/share/texlive/texmf-dist/tex/generic/pgf/math/pgfmathfunctions.base.code.
tex)
(/usr/share/texlive/texmf-dist/tex/generic/pgf/math/pgfmathfunctions.round.code
.tex)
(/usr/share/texlive/texmf-dist/tex/generic/pgf/math/pgfmathfunctions.misc.code.
tex)
(/usr/share/texlive/texmf-dist/tex/generic/pgf/math/pgfmathfunctions.integerari
thmetics.code.tex)
(/usr/share/texlive/texmf-dist/tex/generic/pgf/math/pgfmathcalc.code.tex)
(/usr/share/texlive/texmf-dist/tex/generic/pgf/math/pgfmathfloat.code.tex
\c@pgfmathroundto@lastzeros=\count285
))
(/usr/share/texlive/texmf-dist/tex/generic/pgf/math/pgfint.code.tex)
(/usr/share/texlive/texmf-dist/tex/generic/pgf/basiclayer/pgfcorepoints.code.te
x
File: pgfcorepoints.code.tex 2023-01-15 v3.1.10 (3.1.10)
\pgf@picminx=\dimen161
\pgf@picmaxx=\dimen162
\pgf@picminy=\dimen163
\pgf@picmaxy=\dimen164
\pgf@pathminx=\dimen165
\pgf@pathmaxx=\dimen166
\pgf@pathminy=\dimen167
\pgf@pathmaxy=\dimen168
\pgf@xx=\dimen169
\pgf@xy=\dimen170
\pgf@yx=\dimen171
\pgf@yy=\dimen172
\pgf@zx=\dimen173
\pgf@zy=\dimen174
)
(/usr/share/texlive/texmf-dist/tex/generic/pgf/basiclayer/pgfcorepathconstruct.
code.tex
File: pgfcorepathconstruct.code.tex 2023-01-15 v3.1.10 (3.1.10)
\pgf@path@lastx=\dimen175
\pgf@path@lasty=\dimen176
)
(/usr/share/texlive/texmf-dist/tex/generic/pgf/basiclayer/pgfcorepathusage.code
.tex
File: pgfcorepathusage.code.tex 2023-01-15 v3.1.10 (3.1.10)
\pgf@shorten@end@additional=\dimen177
\pgf@shorten@start@additional=\dimen178
)
(/usr/share/texlive/texmf-dist/tex/generic/pgf/basiclayer/pgfcorescopes.code.te
x
File: pgfcorescopes.code.tex 2023-01-15 v3.1.10 (3.1.10)
\pgfpic=\box56
\pgf@hbox=\box57
\pgf@layerbox@main=\box58
\pgf@picture@serial@count=\count286
)
(/usr/share/texlive/texmf-dist/tex/generic/pgf/basiclayer/pgfcoregraphicstate.c
ode.tex
File: pgfcoregraphicstate.code.tex 2023-01-15 v3.1.10 (3.1.10)
\pgflinewidth=\dimen179
)
(/usr/share/texlive/texmf-dist/tex/generic/pgf/basiclayer/pgfcoretransformation
s.code.tex
File: pgfcoretransformations.code.tex 2023-01-15 v3.1.10 (3.1.10)
\pgf@pt@x=\dimen180
\pgf@pt@y=\dimen181
\pgf@pt@temp=\dimen182
)
(/usr/share/texlive/texmf-dist/tex/generic/pgf/basiclayer/pgfcorequick.code.tex
File: pgfcorequick.code.tex 2023-01-15 v3.1.10 (3.1.10)
)
(/usr/share/texlive/texmf-dist/tex/generic/pgf/basiclayer/pgfcoreobjects.code.t
ex
File: pgfcoreobjects.code.tex 2023-01-15 v3.1.10 (3.1.10)
)
(/usr/share/texlive/texmf-dist/tex/generic/pgf/basiclayer/pgfcorepathprocessing
.code.tex
File: pgfcorepathprocessing.code.tex 2023-01-15 v3.1.10 (3.1.10)
)
(/usr/share/texlive/texmf-dist/tex/generic/pgf/basiclayer/pgfcorearrows.code.te
x
File: pgfcorearrows.code.tex 2023-01-15 v3.1.10 (3.1.10)
\pgfarrowsep=\dimen183
)
(/usr/share/texlive/texmf-dist/tex/generic/pgf/basiclayer/pgfcoreshade.code.tex
File: pgfcoreshade.code.tex 2023-01-15 v3.1.10 (3.1.10)
\pgf@max=\dimen184
\pgf@sys@shading@range@num=\count287
\pgf@shadingcount=\count288
)
(/usr/share/texlive/texmf-dist/tex/generic/pgf/basiclayer/pgfcoreimage.code.tex
File: pgfcoreimage.code.tex 2023-01-15 v3.1.10 (3.1.10)
)
(/usr/share/texlive/texmf-dist/tex/generic/pgf/basiclayer/pgfcoreexternal.code.
tex
File: pgfcoreexternal.code.tex 2023-01-15 v3.1.10 (3.1.10)
\pgfexternal@startupbox=\box59
)
(/usr/share/texlive/texmf-dist/tex/generic/pgf/basiclayer/pgfcorelayers.code.te
x
File: pgfcorelayers.code.tex 2023-01-15 v3.1.10 (3.1.10)
)
(/usr/share/texlive/texmf-dist/tex/generic/pgf/basiclayer/pgfcoretransparency.c
ode.tex
File: pgfcoretransparency.code.tex 2023-01-15 v3.1.10 (3.1.10)
)
(/usr/share/texlive/texmf-dist/tex/generic/pgf/basiclayer/pgfcorepatterns.code.
tex
File: pgfcorepatterns.code.tex 2023-01-15 v3.1.10 (3.1.10)
)
(/usr/share/texlive/texmf-dist/tex/generic/pgf/basiclayer/pgfcorerdf.code.tex
File: pgfcorerdf.code.tex 2023-01-15 v3.1.10 (3.1.10)
)))
(/usr/share/texlive/texmf-dist/tex/generic/pgf/modules/pgfmoduleshapes.code.tex
File: pgfmoduleshapes.code.tex 2023-01-15 v3.1.10 (3.1.10)
\pgfnodeparttextbox=\box60
) (/usr/share/texlive/texmf-dist/tex/generic/pgf/modules/pgfmoduleplot.code.tex
File: pgfmoduleplot.code.tex 2023-01-15 v3.1.10 (3.1.10)
)
(/usr/share/texlive/texmf-dist/tex/latex/pgf/compatibility/pgfcomp-version-0-65
.sty
Package: pgfcomp-version-0-65 2023-01-15 v3.1.10 (3.1.10)
\pgf@nodesepstart=\dimen185
\pgf@nodesepend=\dimen186
)
(/usr/share/texlive/texmf-dist/tex/latex/pgf/compatibility/pgfcomp-version-1-18
.sty
Package: pgfcomp-version-1-18 2023-01-15 v3.1.10 (3.1.10)
)) (/usr/share/texlive/texmf-dist/tex/latex/pgf/utilities/pgffor.sty
(/usr/share/texlive/texmf-dist/tex/latex/pgf/utilities/pgfkeys.sty
(/usr/share/texlive/texmf-dist/tex/generic/pgf/utilities/pgfkeys.code.tex))
(/usr/share/texlive/texmf-dist/tex/latex/pgf/math/pgfmath.sty
(/usr/share/texlive/texmf-dist/tex/generic/pgf/math/pgfmath.code.tex))
(/usr/share/texlive/texmf-dist/tex/generic/pgf/utilities/pgffor.code.tex
Package: pgffor 2023-01-15 v3.1.10 (3.1.10)
\pgffor@iter=\dimen187
\pgffor@skip=\dimen188
\pgffor@stack=\toks29
\pgffor@toks=\toks30
))
(/usr/share/texlive/texmf-dist/tex/generic/pgf/frontendlayer/tikz/tikz.code.tex
Package: tikz 2023-01-15 v3.1.10 (3.1.10)

(/usr/share/texlive/texmf-dist/tex/generic/pgf/libraries/pgflibraryplothandlers
.code.tex
File: pgflibraryplothandlers.code.tex 2023-01-15 v3.1.10 (3.1.10)
\pgf@plot@mark@count=\count289
\pgfplotmarksize=\dimen189
)
\tikz@lastx=\dimen190
\tikz@lasty=\dimen191
\tikz@lastxsaved=\dimen192
\tikz@lastysaved=\dimen193
\tikz@lastmovetox=\dimen194
\tikz@lastmovetoy=\dimen195
\tikzleveldistance=\dimen196
\tikzsiblingdistance=\dimen197
\tikz@figbox=\box61
\tikz@figbox@bg=\box62
\tikz@tempbox=\box63
\tikz@tempbox@bg=\box64
\tikztreelevel=\count290
\tikznumberofchildren=\count291
\tikznumberofcurrentchild=\count292
\tikz@fig@count=\count293

(/usr/share/texlive/texmf-dist/tex/generic/pgf/modules/pgfmodulematrix.code.tex
File: pgfmodulematrix.code.tex 2023-01-15 v3.1.10 (3.1.10)
\pgfmatrixcurrentrow=\count294
\pgfmatrixcurrentcolumn=\count295
\pgf@matrix@numberofcolumns=\count296
)
\tikz@expandcount=\count297

(/usr/share/texlive/texmf-dist/tex/generic/pgf/frontendlayer/tikz/libraries/tik
zlibrarytopaths.code.tex
File: tikzlibrarytopaths.code.tex 2023-01-15 v3.1.10 (3.1.10)
)))
(/usr/share/texlive/texmf-dist/tex/generic/pgf/frontendlayer/tikz/libraries/tik
zlibraryarrows.code.tex
File: tikzlibraryarrows.code.tex 2023-01-15 v3.1.10 (3.1.10)

(/usr/share/texlive/texmf-dist/tex/generic/pgf/libraries/pgflibraryarrows.code.
tex
File: pgflibraryarrows.code.tex 2023-01-15 v3.1.10 (3.1.10)
\arrowsize=\dimen198
))
(/usr/share/texlive/texmf-dist/tex/generic/pgf/frontendlayer/tikz/libraries/tik
zlibrarybackgrounds.code.tex
File: tikzlibrarybackgrounds.code.tex 2023-01-15 v3.1.10 (3.1.10)
\pgf@layerbox@background=\box65
\pgf@layerboxsaved@background=\box66
)
(/usr/share/texlive/texmf-dist/tex/generic/pgf/frontendlayer/tikz/libraries/tik
zlibrarycalc.code.tex
File: tikzlibrarycalc.code.tex 2023-01-15 v3.1.10 (3.1.10)
)
(/usr/share/texlive/texmf-dist/tex/generic/pgf/frontendlayer/tikz/libraries/tik
zlibrarypatterns.code.tex
File: tikzlibrarypatterns.code.tex 2023-01-15 v3.1.10 (3.1.10)

(/usr/share/texlive/texmf-dist/tex/generic/pgf/libraries/pgflibrarypatterns.cod
e.tex
File: pgflibrarypatterns.code.tex 2023-01-15 v3.1.10 (3.1.10)
))
(/usr/share/texlive/texmf-dist/tex/generic/pgf/frontendlayer/tikz/libraries/tik
zlibrarypositioning.code.tex
File: tikzlibrarypositioning.code.tex 2023-01-15 v3.1.10 (3.1.10)
)
(/usr/share/texlive/texmf-dist/tex/generic/pgf/frontendlayer/tikz/libraries/tik
zlibraryshapes.geometric.code.tex
File: tikzlibraryshapes.geometric.code.tex 2023-01-15 v3.1.10 (3.1.10)

(/usr/share/texlive/texmf-dist/tex/generic/pgf/libraries/shapes/pgflibraryshape
s.geometric.code.tex
File: pgflibraryshapes.geometric.code.tex 2023-01-15 v3.1.10 (3.1.10)
))
(/usr/share/texlive/texmf-dist/tex/latex/pgf/utilities/pgfcalendar.sty
(/usr/share/texlive/texmf-dist/tex/generic/pgf/utilities/pgfcalendar.code.tex
File: pgfcalendar.code.tex 2023-01-15 v3.1.10 (3.1.10)
\pgfcalendarcurrentjulian=\count298
\pgf@cal@easter@Y=\count299
\pgf@cal@easter@G=\count300
\pgf@cal@easter@C=\count301
\pgf@cal@easter@X=\count302
\pgf@cal@easter@Z=\count303
\pgf@cal@easter@D=\count304
\pgf@cal@easter@E=\count305
\pgf@cal@easter@N=\count306
\pgf@cal@easter@M=\count307
\pgf@cal@easter@julianday=\count308
))
\gtt@currentline=\count309
\gtt@lasttitleline=\count310
\gtt@currgrid=\count311
\gtt@chartwidth=\count312
\gtt@lasttitleslot=\count313
\gtt@elementid=\count314
\gtt@today@slot=\count315
\gtt@startjulian=\count316
\gtt@endjulian=\count317
\gtt@chartid=\count318
\gtt@vrule@slot=\count319
\gtt@calendar@slots=\count320
\gtt@calendar@weeknumber=\count321
\gtt@calendar@startofweek=\count322
\gtt@left@slot=\count323
\gtt@right@slot=\count324
) (/usr/share/texlive/texmf-dist/tex/latex/amsmath/amsmath.sty
Package: amsmath 2024/05/23 v2.17q AMS math features
\@mathmargin=\skip51

For additional information on amsmath, use the `?' option.
(/usr/share/texlive/texmf-dist/tex/latex/amsmath/amstext.sty
Package: amstext 2021/08/26 v2.01 AMS text

(/usr/share/texlive/texmf-dist/tex/latex/amsmath/amsgen.sty
File: amsgen.sty 1999/11/30 v2.0 generic functions
\@emptytoks=\toks31
\ex@=\dimen199
))
(/usr/share/texlive/texmf-dist/tex/latex/amsmath/amsbsy.sty
Package: amsbsy 1999/11/29 v1.2d Bold Symbols
\pmbraise@=\dimen256
)
(/usr/share/texlive/texmf-dist/tex/latex/amsmath/amsopn.sty
Package: amsopn 2022/04/08 v2.04 operator names
)
\inf@bad=\count325
LaTeX Info: Redefining \frac on input line 233.
\uproot@=\count326
\leftroot@=\count327
LaTeX Info: Redefining \overline on input line 398.
LaTeX Info: Redefining \colon on input line 409.
\classnum@=\count328
\DOTSCASE@=\count329
LaTeX Info: Redefining \ldots on input line 495.
LaTeX Info: Redefining \dots on input line 498.
LaTeX Info: Redefining \cdots on input line 619.
\Mathstrutbox@=\box67
\strutbox@=\box68
LaTeX Info: Redefining \big on input line 721.
LaTeX Info: Redefining \Big on input line 722.
LaTeX Info: Redefining \bigg on input line 723.
LaTeX Info: Redefining \Bigg on input line 724.
\big@size=\dimen257
LaTeX Font Info:    Redeclaring font encoding OML on input line 742.
LaTeX Font Info:    Redeclaring font encoding OMS on input line 743.
\macc@depth=\count330
LaTeX Info: Redefining \bmod on input line 904.
LaTeX Info: Redefining \pmod on input line 909.
LaTeX Info: Redefining \smash on input line 939.
LaTeX Info: Redefining \relbar on input line 969.
LaTeX Info: Redefining \Relbar on input line 970.
\c@MaxMatrixCols=\count331
\dotsspace@=\muskip17
\c@parentequation=\count332
\dspbrk@lvl=\count333
\tag@help=\toks32
\row@=\count334
\column@=\count335
\maxfields@=\count336
\andhelp@=\toks33
\eqnshift@=\dimen258
\alignsep@=\dimen259
\tagshift@=\dimen260
\tagwidth@=\dimen261
\totwidth@=\dimen262
\lineht@=\dimen263
\@envbody=\toks34
\multlinegap=\skip52
\multlinetaggap=\skip53
\mathdisplay@stack=\toks35
LaTeX Info: Redefining \[ on input line 2953.
LaTeX Info: Redefining \] on input line 2954.
)
(/usr/share/texlive/texmf-dist/tex/latex/algorithms/algorithm.sty
Package: algorithm 2009/08/24 v0.1 Document Style `algorithm' - floating enviro
nment

(/usr/share/texlive/texmf-dist/tex/latex/float/float.sty
Package: float 2001/11/08 v1.3d Float enhancements (AL)
\c@float@type=\count337
\float@exts=\toks36
\float@box=\box69
\@float@everytoks=\toks37
\@floatcapt=\box70
)
(/usr/share/texlive/texmf-dist/tex/latex/base/ifthen.sty
Package: ifthen 2024/03/16 v1.1e Standard LaTeX ifthen package (DPC)
)
\@float@every@algorithm=\toks38
\c@algorithm=\count338
)
(/usr/share/texlive/texmf-dist/tex/latex/algorithmicx/algpseudocode.sty
Package: algpseudocode 

(/usr/share/texlive/texmf-dist/tex/latex/algorithmicx/algorithmicx.sty
Package: algorithmicx 2005/04/27 v1.2 Algorithmicx

Document Style algorithmicx 1.2 - a greatly improved `algorithmic' style
\c@ALG@line=\count339
\c@ALG@rem=\count340
\c@ALG@nested=\count341
\ALG@tlm=\skip54
\ALG@thistlm=\skip55
\c@ALG@Lnr=\count342
\c@ALG@blocknr=\count343
\c@ALG@storecount=\count344
\c@ALG@tmpcounter=\count345
\ALG@tmplength=\skip56
)
Document Style - pseudocode environments for use with the `algorithmicx' style
)
\c@defn=\count346
\c@theorem=\count347
\c@lemma=\count348

Enter \includeonly{...} command (or just type RETURN):

\@typein=
(/usr/share/texlive/texmf-dist/tex/latex/l3backend/l3backend-pdftex.def
File: l3backend-pdftex.def 2024-05-08 L3 backend support: PDF output (pdfTeX)
\l__color_backend_stack_int=\count349
\l__pdf_internal_box=\box71
)
(./thesis.aux)
\openout1 = `thesis.aux'.

LaTeX Font Info:    Checking defaults for OML/cmm/m/it on input line 183.
LaTeX Font Info:    ... okay on input line 183.
LaTeX Font Info:    Checking defaults for OMS/cmsy/m/n on input line 183.
LaTeX Font Info:    ... okay on input line 183.
LaTeX Font Info:    Checking defaults for OT1/cmr/m/n on input line 183.
LaTeX Font Info:    ... okay on input line 183.
LaTeX Font Info:    Checking defaults for T1/cmr/m/n on input line 183.
LaTeX Font Info:    ... okay on input line 183.
LaTeX Font Info:    Checking defaults for TS1/cmr/m/n on input line 183.
LaTeX Font Info:    ... okay on input line 183.
LaTeX Font Info:    Checking defaults for OMX/cmex/m/n on input line 183.
LaTeX Font Info:    ... okay on input line 183.
LaTeX Font Info:    Checking defaults for U/cmr/m/n on input line 183.
LaTeX Font Info:    ... okay on input line 183.

(/usr/share/texlive/texmf-dist/tex/context/base/mkii/supp-pdf.mkii
[Loading MPS to PDF converter (version 2006.09.02).]
\scratchcounter=\count350
\scratchdimen=\dimen264
\scratchbox=\box72
\nofMPsegments=\count351
\nofMParguments=\count352
\everyMPshowfont=\toks39
\MPscratchCnt=\count353
\MPscratchDim=\dimen265
\MPnumerator=\count354
\makeMPintoPDFobject=\count355
\everyMPtoPDFconversion=\toks40
) (/usr/share/texlive/texmf-dist/tex/latex/epstopdf-pkg/epstopdf-base.sty
Package: epstopdf-base 2020-01-24 v2.11 Base part for package epstopdf

(/usr/share/texlive/texmf-dist/tex/generic/infwarerr/infwarerr.sty
Package: infwarerr 2019/12/03 v1.5 Providing info/warning/error messages (HO)
)
(/usr/share/texlive/texmf-dist/tex/latex/grfext/grfext.sty
Package: grfext 2019/12/03 v1.3 Manage graphics extensions (HO)

(/usr/share/texlive/texmf-dist/tex/generic/kvdefinekeys/kvdefinekeys.sty
Package: kvdefinekeys 2019-12-19 v1.6 Define keys (HO)
))
(/usr/share/texlive/texmf-dist/tex/latex/kvoptions/kvoptions.sty
Package: kvoptions 2022-06-15 v3.15 Key value format for package options (HO)

(/usr/share/texlive/texmf-dist/tex/generic/ltxcmds/ltxcmds.sty
Package: ltxcmds 2023-12-04 v1.26 LaTeX kernel commands for general use (HO)
)
(/usr/share/texlive/texmf-dist/tex/latex/kvsetkeys/kvsetkeys.sty
Package: kvsetkeys 2022-10-05 v1.19 Key value parser (HO)
))
(/usr/share/texlive/texmf-dist/tex/generic/pdftexcmds/pdftexcmds.sty
Package: pdftexcmds 2020-06-27 v0.33 Utility functions of pdfTeX for LuaTeX (HO
)

(/usr/share/texlive/texmf-dist/tex/generic/iftex/iftex.sty
Package: iftex 2022/02/03 v1.0f TeX engine tests
)
Package pdftexcmds Info: \pdf@primitive is available.
Package pdftexcmds Info: \pdf@ifprimitive is available.
Package pdftexcmds Info: \pdfdraftmode found.
)
Package epstopdf-base Info: Redefining graphics rule for `.eps' on input line 4
85.
Package grfext Info: Graphics extension search list:
(grfext)             [.pdf,.png,.jpg,.mps,.jpeg,.jbig2,.jb2,.PDF,.PNG,.JPG,.JPE
G,.JBIG2,.JB2,.eps]
(grfext)             \AppendGraphicsExtensions on input line 504.

(/usr/share/texlive/texmf-dist/tex/latex/latexconfig/epstopdf-sys.cfg
File: epstopdf-sys.cfg 2010/07/13 v1.3 Configuration of (r)epstopdf for TeX Liv
e
))
\c@lstlisting=\count356
<UQLogo.png, id=4, 602.25pt x 157.58875pt>
File: UQLogo.png Graphic file (type png)
<use UQLogo.png>
Package pdftex.def Info: UQLogo.png  used on input line 190.
(pdftex.def)             Requested size: 426.79134pt x 111.68198pt.


[1



{/var/lib/texmf/fonts/map/pdftex/updmap/pdftex.map} <./UQLogo.png>]

[2

]
<../demo_pictures/pngs/my_signature.png, id=18, 452.4403pt x 112.16907pt>
File: ../demo_pictures/pngs/my_signature.png Graphic file (type png)
<use ../demo_pictures/pngs/my_signature.png>
Package pdftex.def Info: ../demo_pictures/pngs/my_signature.png  used on input 
line 254.
(pdftex.def)             Requested size: 128.0387pt x 31.74258pt.


[3 <../demo_pictures/pngs/my_signature.png>]

[4

]

[5

]

[6

]

[7

] (./thesis.toc

[8

])
\tf@toc=\write4
\openout4 = `thesis.toc'.



[9] (./thesis.lof)
\tf@lof=\write5
\openout5 = `thesis.lof'.



[10

] (./thesis.lol)
\tf@lol=\write6
\openout6 = `thesis.lol'.



[11

]

[12

]
Chapter 1.


[1


]

[2]
Chapter 2.


[3

]

[4]
Overfull \hbox (122.11214pt too wide) in paragraph at lines 485--506
[]  $[]$ 
 []



[5]

[6]
Chapter 3.


[7

]
Overfull \hbox (12.26244pt too wide) in paragraph at lines 583--600
\OT1/cmr/m/n/12 scalar- re-place-ment is also given, how-ever, this re-view wil
l fo-cus solely on re-association.
 []



[8]
Chapter 4.

Underfull \hbox (badness 10000) in paragraph at lines 631--648

 []



[9

]

[10]

[11]

[12]

[13]
Chapter 5.

Overfull \hbox (3.28517pt too wide) in paragraph at lines 800--803
[]\OT1/cmr/m/n/12 The im-ple-men-ta-tion han-dles nested ex-pres-sions ef-fec-t
ively, as shown in Fig.C.8[],
 []



[14

]

[15]
Chapter 6.


[16

]

[17]

[18]
Appendix A.


[19

]
Overfull \vbox (15.99225pt too high) has occurred while \output is active []



[20]

[21]

[22]

[23]

[24]

[25]
Appendix B.
(/usr/share/texlive/texmf-dist/tex/latex/listings/lstlang1.sty
File: lstlang1.sty 2024/05/25 1.10b listings language file
)

[26

]

[27]

[28]
Appendix C.
<../demo_pictures/pngs/variable_elimination2_old.png, id=148, 286.82156pt x 258
.21469pt>
File: ../demo_pictures/pngs/variable_elimination2_old.png Graphic file (type pn
g)
<use ../demo_pictures/pngs/variable_elimination2_old.png>
Package pdftex.def Info: ../demo_pictures/pngs/variable_elimination2_old.png  u
sed on input line 1228.
(pdftex.def)             Requested size: 170.71393pt x 153.68889pt.
<../demo_pictures/pngs/variable_elimination2_new.png, id=149, 408.02437pt x 118
.94438pt>
File: ../demo_pictures/pngs/variable_elimination2_new.png Graphic file (type pn
g)
<use ../demo_pictures/pngs/variable_elimination2_new.png>
Package pdftex.def Info: ../demo_pictures/pngs/variable_elimination2_new.png  u
sed on input line 1232.
(pdftex.def)             Requested size: 256.0774pt x 74.65402pt.

Overfull \hbox (26.56302pt too wide) in paragraph at lines 1227--1238
[]$[]$   $[]$
 []

<../demo_pictures/pngs/variable_elimination3_old.png, id=150, 347.79938pt x 367
.3725pt>
File: ../demo_pictures/pngs/variable_elimination3_old.png Graphic file (type pn
g)
<use ../demo_pictures/pngs/variable_elimination3_old.png>
Package pdftex.def Info: ../demo_pictures/pngs/variable_elimination3_old.png  u
sed on input line 1244.
(pdftex.def)             Requested size: 170.71393pt x 180.31679pt.
<../demo_pictures/pngs/variable_elimination3_new.png, id=151, 402.75468pt x 116
.68594pt>
File: ../demo_pictures/pngs/variable_elimination3_new.png Graphic file (type pn
g)
<use ../demo_pictures/pngs/variable_elimination3_new.png>
Package pdftex.def Info: ../demo_pictures/pngs/variable_elimination3_new.png  u
sed on input line 1248.
(pdftex.def)             Requested size: 256.0774pt x 74.19087pt.

Overfull \hbox (26.56302pt too wide) in paragraph at lines 1243--1254
[]$[]$   $[]$
 []

<../demo_pictures/pngs/variable_elimination4_old.png, id=152, 378.66469pt x 368
.1253pt>
File: ../demo_pictures/pngs/variable_elimination4_old.png Graphic file (type pn
g)
<use ../demo_pictures/pngs/variable_elimination4_old.png>
Package pdftex.def Info: ../demo_pictures/pngs/variable_elimination4_old.png  u
sed on input line 1260.
(pdftex.def)             Requested size: 170.71393pt x 165.96379pt.
<../demo_pictures/pngs/variable_elimination4_new.png, id=153, 761.84625pt x 196
.48407pt>
File: ../demo_pictures/pngs/variable_elimination4_new.png Graphic file (type pn
g)
<use ../demo_pictures/pngs/variable_elimination4_new.png>
Package pdftex.def Info: ../demo_pictures/pngs/variable_elimination4_new.png  u
sed on input line 1264.
(pdftex.def)             Requested size: 277.40314pt x 113.81392pt.

Overfull \hbox (47.89738pt too wide) in paragraph at lines 1259--1270
[]$[]$   $[]$
 []



[29

 <../demo_pictures/pngs/variable_elimination2_old.png> <../demo_pictures/pngs/v
ariable_elimination2_new.png> <../demo_pictures/pngs/variable_elimination3_old.
png> <../demo_pictures/pngs/variable_elimination3_new.png>]
<../demo_pictures/pngs/variable_elimination5_old.png, id=157, 274.77657pt x 258
.21469pt>
File: ../demo_pictures/pngs/variable_elimination5_old.png Graphic file (type pn
g)
<use ../demo_pictures/pngs/variable_elimination5_old.png>
Package pdftex.def Info: ../demo_pictures/pngs/variable_elimination5_old.png  u
sed on input line 1276.
(pdftex.def)             Requested size: 170.71393pt x 160.43028pt.
<../demo_pictures/pngs/variable_elimination5_new.png, id=158, 404.26031pt x 154
.32657pt>
File: ../demo_pictures/pngs/variable_elimination5_new.png Graphic file (type pn
g)
<use ../demo_pictures/pngs/variable_elimination5_new.png>
Package pdftex.def Info: ../demo_pictures/pngs/variable_elimination5_new.png  u
sed on input line 1280.
(pdftex.def)             Requested size: 256.0774pt x 97.75842pt.

Overfull \hbox (26.56302pt too wide) in paragraph at lines 1275--1286
[]$[]$   $[]$
 []

<../demo_pictures/pngs/variable_elimination6_old.png, id=159, 288.3272pt x 295.
85532pt>
File: ../demo_pictures/pngs/variable_elimination6_old.png Graphic file (type pn
g)
<use ../demo_pictures/pngs/variable_elimination6_old.png>
Package pdftex.def Info: ../demo_pictures/pngs/variable_elimination6_old.png  u
sed on input line 1292.
(pdftex.def)             Requested size: 170.71393pt x 175.1761pt.
<../demo_pictures/pngs/variable_elimination6_new.png, id=160, 401.24907pt x 189
.70876pt>
File: ../demo_pictures/pngs/variable_elimination6_new.png Graphic file (type pn
g)
<use ../demo_pictures/pngs/variable_elimination6_new.png>
Package pdftex.def Info: ../demo_pictures/pngs/variable_elimination6_new.png  u
sed on input line 1296.
(pdftex.def)             Requested size: 256.0774pt x 121.08029pt.

Overfull \hbox (26.56302pt too wide) in paragraph at lines 1291--1302
[]$[]$   $[]$
 []

<../demo_pictures/pngs/mul_add_old.png, id=161, 277.035pt x 269.50688pt>
File: ../demo_pictures/pngs/mul_add_old.png Graphic file (type png)
<use ../demo_pictures/pngs/mul_add_old.png>
Package pdftex.def Info: ../demo_pictures/pngs/mul_add_old.png  used on input l
ine 1311.
(pdftex.def)             Requested size: 170.71393pt x 166.07678pt.
<../demo_pictures/pngs/mul_add_new.png, id=162, 410.2828pt x 190.46156pt>
File: ../demo_pictures/pngs/mul_add_new.png Graphic file (type png)
<use ../demo_pictures/pngs/mul_add_new.png>
Package pdftex.def Info: ../demo_pictures/pngs/mul_add_new.png  used on input l
ine 1315.
(pdftex.def)             Requested size: 256.0774pt x 118.87541pt.

Overfull \hbox (26.56302pt too wide) in paragraph at lines 1310--1321
[]$[]$   $[]$
 []



[30 <../demo_pictures/pngs/variable_elimination4_old.png> <../demo_pictures/png
s/variable_elimination4_new.png> <../demo_pictures/pngs/variable_elimination5_o
ld.png> <../demo_pictures/pngs/variable_elimination5_new.png> <../demo_pictures
/pngs/variable_elimination6_old.png> <../demo_pictures/pngs/variable_eliminatio
n6_new.png>]
<../demo_pictures/pngs/mul_add2_old.png, id=166, 316.18124pt x 377.91188pt>
File: ../demo_pictures/pngs/mul_add2_old.png Graphic file (type png)
<use ../demo_pictures/pngs/mul_add2_old.png>
Package pdftex.def Info: ../demo_pictures/pngs/mul_add2_old.png  used on input 
line 1327.
(pdftex.def)             Requested size: 170.71393pt x 204.0463pt.
<../demo_pictures/pngs/mul_add2_new.png, id=167, 264.99pt x 226.59656pt>
File: ../demo_pictures/pngs/mul_add2_new.png Graphic file (type png)
<use ../demo_pictures/pngs/mul_add2_new.png>
Package pdftex.def Info: ../demo_pictures/pngs/mul_add2_new.png  used on input 
line 1331.
(pdftex.def)             Requested size: 170.71393pt x 145.9825pt.
<../demo_pictures/pngs/mul_add3_old.png, id=168, 353.82187pt x 444.91219pt>
File: ../demo_pictures/pngs/mul_add3_old.png Graphic file (type png)
<use ../demo_pictures/pngs/mul_add3_old.png>
Package pdftex.def Info: ../demo_pictures/pngs/mul_add3_old.png  used on input 
line 1343.
(pdftex.def)             Requested size: 170.71393pt x 214.66878pt.
<../demo_pictures/pngs/mul_add3_new.png, id=169, 291.33844pt x 329.73187pt>
File: ../demo_pictures/pngs/mul_add3_new.png Graphic file (type png)
<use ../demo_pictures/pngs/mul_add3_new.png>
Package pdftex.def Info: ../demo_pictures/pngs/mul_add3_new.png  used on input 
line 1347.
(pdftex.def)             Requested size: 170.71393pt x 193.21687pt.


[31 <../demo_pictures/pngs/mul_add_old.png> <../demo_pictures/pngs/mul_add_new.
png> <../demo_pictures/pngs/mul_add2_old.png> <../demo_pictures/pngs/mul_add2_n
ew.png>]

[32 <../demo_pictures/pngs/mul_add3_old.png> <../demo_pictures/pngs/mul_add3_ne
w.png>]
Underfull \hbox (badness 10000) in paragraph at lines 1363--1364
[]\OT1/cmr/m/n/12 Gilles Du-boscq, Lukas Stadler, Thomas Wuerthinger, Doug Si-
 []


Underfull \hbox (badness 10000) in paragraph at lines 1363--1364
\OT1/cmr/m/n/12 mon, Chris-tian Wim-mer, Hanspeter Moessen-boeck. 2013. \OT1/cm
r/m/it/12 Graal
 []


Underfull \hbox (badness 10000) in paragraph at lines 1363--1364
\OT1/cmr/m/it/12 IR: An Ex-ten-si-ble Declar-a-tive In-ter-me-di-ate Rep-re-sen
-ta-tion\OT1/cmr/m/n/12 .
 []


Underfull \hbox (badness 10000) in paragraph at lines 1365--1366
\OT1/cmr/m/it/12 Rep-re-sen-ta-tion\OT1/cmr/m/n/12 . https://www.oracle.com/tec
hnetwork/java/javase/tech/c2-
 []


Underfull \hbox (badness 10000) in paragraph at lines 1367--1368
[]\OT1/cmr/m/n/12 Oracle. 2024. \OT1/cmr/m/it/12 Or-a-cle GraalVM En-ter-prise 
Edi-tion 21\OT1/cmr/m/n/12 .
 []


Underfull \hbox (badness 10000) in paragraph at lines 1367--1368
\OT1/cmr/m/n/12 https://docs.oracle.com/en/graalvm/enterprise/21/docs/reference
-
 []


Underfull \hbox (badness 10000) in paragraph at lines 1368--1369
[]\OT1/cmr/m/n/12 Preston Briggs and Keith D. Cooper. 1994. \OT1/cmr/m/it/12 Ef
-fec-tive par-tial re-
 []


Underfull \hbox (badness 4886) in paragraph at lines 1368--1369
\OT1/cmr/m/it/12 dun-dancy elim-i-na-tion\OT1/cmr/m/n/12 . SIG-PLAN Not. 29, 6 
(June 1994), 159{170.
 []


Underfull \hbox (badness 10000) in paragraph at lines 1369--1370
[]\OT1/cmr/m/n/12 M. Sipek, B. Mi-hal-je-vic, A. Radovan. 2021. \OT1/cmr/m/it/1
2 Ex-plor-ing As-
 []


Underfull \hbox (badness 10000) in paragraph at lines 1369--1370
\OT1/cmr/m/it/12 pects of Poly-glot High-Performance Vir-tual Ma-chine GraalVM\
OT1/cmr/m/n/12 .
 []



[33


]
Underfull \hbox (badness 1158) in paragraph at lines 1372--1373
[]\OT1/cmr/m/n/12 Martyn J. Cor-den, David Kre-itzer. 2018. \OT1/cmr/m/it/12 Co
n-sis-tency of Floating-Point
 []


Underfull \hbox (badness 1024) in paragraph at lines 1372--1373
\OT1/cmr/m/it/12 Re-sults us-ing the In-tel Com-piler or Why doesn't my ap-pli-
ca-tion al-ways
 []


Underfull \hbox (badness 4242) in paragraph at lines 1372--1373
\OT1/cmr/m/it/12 give the same an-swer?\OT1/cmr/m/n/12 . Soft-ware Ser-vices Gr
oup, In-tel Cor-po-ra-tion.
 []


Overfull \hbox (15.98323pt too wide) in paragraph at lines 1372--1373
\OT1/cmr/m/n/12 https://www.intel.com/content/dam/develop/external/us/en/docume
nts/pdf/fp-
 []


Underfull \hbox (badness 10000) in paragraph at lines 1374--1375
[]\OT1/cmr/m/n/12 Oracle. 2015-2022. \OT1/cmr/m/it/12 GraalVM Re-as-so-ci-a-tio
n Phase Source\OT1/cmr/m/n/12 .
 []


Overfull \hbox (30.86226pt too wide) in paragraph at lines 1374--1375
\OT1/cmr/m/n/12 jdk.graal.compiler/src/jdk/graal/compiler/phases/common/Reassoc
iationPhase.java
 []



[34] (./thesis.aux)
 ***********
LaTeX2e <2024-06-01> patch level 2
L3 programming layer <2024-08-16>
 ***********
 ) 
Here is how much of TeX's memory you used:
 18070 strings out of 473579
 368405 string characters out of 5730779
 2054957 words of memory out of 5000000
 40654 multiletter control sequences out of 15000+600000
 565812 words of font info for 63 fonts, out of 8000000 for 9000
 1141 hyphenation exceptions out of 8191
 99i,16n,107p,427b,1278s stack positions out of 10000i,1000n,20000p,200000b,200000s
</usr/share/texlive/texmf-dist/fonts/type1/public/amsfonts/cm/cmbx12.pfb></us
r/share/texlive/texmf-dist/fonts/type1/public/amsfonts/cm/cmcsc10.pfb></usr/sha
re/texlive/texmf-dist/fonts/type1/public/amsfonts/cm/cmmi12.pfb></usr/share/tex
live/texmf-dist/fonts/type1/public/amsfonts/cm/cmr10.pfb></usr/share/texlive/te
xmf-dist/fonts/type1/public/amsfonts/cm/cmr12.pfb></usr/share/texlive/texmf-dis
t/fonts/type1/public/amsfonts/cm/cmr6.pfb></usr/share/texlive/texmf-dist/fonts/
type1/public/amsfonts/cm/cmsl12.pfb></usr/share/texlive/texmf-dist/fonts/type1/
public/amsfonts/cm/cmsy10.pfb></usr/share/texlive/texmf-dist/fonts/type1/public
/amsfonts/cm/cmti12.pfb></usr/share/texlive/texmf-dist/fonts/type1/public/amsfo
nts/cm/cmti8.pfb></usr/share/texlive/texmf-dist/fonts/type1/public/amsfonts/cm/
cmtt10.pfb></usr/share/texlive/texmf-dist/fonts/type1/public/amsfonts/cm/cmtt12
.pfb>
Output written on thesis.pdf (46 pages, 523763 bytes).
PDF statistics:
 237 PDF objects out of 1000 (max. 8388607)
 144 compressed objects within 2 object streams
 0 named destinations out of 1000 (max. 500000)
 103 words of extra memory for PDF output out of 10000 (max. 10000000)

